[0m19:49:23.255194 [debug] [MainThread]: Sending event: {'category': 'dbt', 'action': 'invocation', 'label': 'start', 'context': [<snowplow_tracker.self_describing_json.SelfDescribingJson object at 0x00000152A51E5BB0>, <snowplow_tracker.self_describing_json.SelfDescribingJson object at 0x00000152A51A3E90>, <snowplow_tracker.self_describing_json.SelfDescribingJson object at 0x00000152A51A3590>]}


============================== 19:49:23.272243 | a9445021-0afb-471e-bb5a-1c5983bffa80 ==============================
[0m19:49:23.272243 [info ] [MainThread]: Running with dbt=1.11.8
[0m19:49:23.272243 [debug] [MainThread]: running dbt with arguments {'version_check': 'True', 'no_print': 'None', 'static_parser': 'True', 'warn_error_options': 'WarnErrorOptionsV2(error=[], warn=[], silence=[])', 'target_path': 'None', 'printer_width': '80', 'write_json': 'True', 'introspect': 'True', 'log_cache_events': 'False', 'empty': 'None', 'cache_selected_only': 'False', 'log_format': 'default', 'debug': 'False', 'fail_fast': 'False', 'partial_parse': 'True', 'send_anonymous_usage_stats': 'True', 'quiet': 'False', 'warn_error': 'None', 'profiles_dir': 'C:\\Users\\13609\\.dbt', 'use_colors': 'True', 'indirect_selection': 'eager', 'invocation_command': 'dbt init veteran_suicide', 'use_experimental_parser': 'False', 'log_path': 'logs'}
[0m19:49:23.338151 [debug] [MainThread]: Starter project path: C:\Users\13609\anaconda3\Lib\site-packages\dbt\include\starter_project
[0m19:49:23.412554 [info ] [MainThread]: 
Your new dbt project "veteran_suicide" was created!

For more information on how to configure the profiles.yml file,
please consult the dbt documentation here:

  https://docs.getdbt.com/docs/configure-your-profile

One more thing:

Need help? Don't hesitate to reach out to us via GitHub issues or on Slack:

  https://community.getdbt.com/

Happy modeling!

[0m19:49:23.415960 [info ] [MainThread]: Setting up your profile.
[0m19:49:46.870677 [debug] [MainThread]: Command `dbt init` succeeded at 19:49:46.863658 after 23.84 seconds
[0m19:49:46.871187 [debug] [MainThread]: Sending event: {'category': 'dbt', 'action': 'invocation', 'label': 'end', 'context': [<snowplow_tracker.self_describing_json.SelfDescribingJson object at 0x00000152A2BE2BA0>, <snowplow_tracker.self_describing_json.SelfDescribingJson object at 0x00000152A4B9EE10>, <snowplow_tracker.self_describing_json.SelfDescribingJson object at 0x00000152A4CD7740>]}
[0m19:49:46.871187 [debug] [MainThread]: Flushing usage events
[0m19:49:47.184607 [debug] [MainThread]: An error was encountered while trying to flush usage events
[0m23:39:33.821925 [debug] [MainThread]: Sending event: {'category': 'dbt', 'action': 'invocation', 'label': 'start', 'context': [<snowplow_tracker.self_describing_json.SelfDescribingJson object at 0x000001A7B9B6E9C0>, <snowplow_tracker.self_describing_json.SelfDescribingJson object at 0x000001A7B9961E20>, <snowplow_tracker.self_describing_json.SelfDescribingJson object at 0x000001A7B9AC4EC0>]}


============================== 23:39:33.821925 | 2630b6f7-581c-46c9-b056-60438698d79f ==============================
[0m23:39:33.821925 [info ] [MainThread]: Running with dbt=1.11.8
[0m23:39:33.821925 [debug] [MainThread]: running dbt with arguments {'static_parser': 'True', 'no_print': 'None', 'version_check': 'True', 'target_path': 'None', 'warn_error_options': 'WarnErrorOptionsV2(error=[], warn=[], silence=[])', 'printer_width': '80', 'write_json': 'True', 'introspect': 'True', 'log_cache_events': 'False', 'empty': 'False', 'cache_selected_only': 'False', 'fail_fast': 'False', 'debug': 'False', 'log_format': 'default', 'profiles_dir': 'C:\\Users\\13609\\.dbt', 'send_anonymous_usage_stats': 'True', 'quiet': 'False', 'warn_error': 'None', 'partial_parse': 'True', 'use_colors': 'True', 'indirect_selection': 'eager', 'invocation_command': 'dbt run --full-refresh', 'use_experimental_parser': 'False', 'log_path': 'logs'}
[0m23:39:33.821925 [error] [MainThread]: Encountered an error:
Runtime Error
  No dbt_project.yml found at expected path C:\Users\13609\Desktop\veteran-suicide-dashboard\dbt_project.yml
  Verify that each entry within packages.yml (and their transitive dependencies) contains a file named dbt_project.yml
  
[0m23:39:33.821925 [debug] [MainThread]: Command `dbt run` failed at 23:39:33.821925 after 0.22 seconds
[0m23:39:33.821925 [debug] [MainThread]: Sending event: {'category': 'dbt', 'action': 'invocation', 'label': 'end', 'context': [<snowplow_tracker.self_describing_json.SelfDescribingJson object at 0x000001A7BB59BD40>, <snowplow_tracker.self_describing_json.SelfDescribingJson object at 0x000001A7BA00E9C0>, <snowplow_tracker.self_describing_json.SelfDescribingJson object at 0x000001A7BA00E930>]}
[0m23:39:33.821925 [debug] [MainThread]: Flushing usage events
[0m23:39:33.900748 [debug] [MainThread]: An error was encountered while trying to flush usage events
